
   ██████╗ ██╗     ██╗   ██╗███╗   ███╗██████╗
   ██╔══██╗██║     ██║   ██║████╗ ████║██╔══██╗
   ██████╔╝██║     ██║   ██║██╔████╔██║██████╔╝
   ██╔═══╝ ██║     ██║   ██║██║╚██╔╝██║██╔══██╗
   ██║     ███████╗╚██████╔╝██║ ╚═╝ ██║██║  ██║
   ╚═╝     ╚══════╝ ╚═════╝ ╚═╝     ╚═╝╚═╝  ╚═╝

   [+] Victim IP: <censored>
   [+] Port: <censored>
   [+] Login: true

   [>] <undefined> [WELCOME SERVER]
   [>] <undefined> {"rawtext":[{"translate":"commands.ability.granted","with":{"rawtext":[{"text":"mute"}]}}]}

   [>] <undefined> {"rawtext":[{"text":"§f[§7Member§r§f] §7Elijah3811: §fFUC#"}]}

   [>] <undefined> {"rawtext":[{"text":"§f[§7Member§r§f] §7UserX0001: §f@waternoob1005"}]}

   [>] <undefined> {"rawtext":[{"text":"§f[§7Member§r§f] §7UserX0001: §f여기서 뭐함"}]}

   [>] <undefined> {"rawtext":[{"text":"§f[§7Member§r§f] §7waternoob1005: §f님"}]}

   [>] <undefined> {"rawtext":[{"text":"§f[§7Member§r§f] §7waternoob1005: §ffightforkim이"}]}

   [>] <undefined> {"rawtext":[{"text":"§f[§7Member§r§f] §7waternoob1005: §f플루머 봇임"}]}

   [>] <undefined> {"rawtext":[{"text":"§f[§7Member§r§f] §7waternoob1005: §f봇이 엑박 로그인하고 접한거"}]}

   [>] <undefined> {"rawtext":[{"text":"§f[§7Member§r§f] §7UserX0001: §f?"}]}

   [>] <undefined> {"rawtext":[{"text":"§f[§7Member§r§f] §7UserX0001: §f그게 왜가능함?"}]}

   [>] <undefined> {"rawtext":[{"text":"§f[§7Member§r§f] §7waternoob1005: §fㅁㄹ"}]}

   [>] <undefined> {"rawtext":[{"text":"§f[§7Member§r§f] §7UserX0001: §f근데 차피 여기"}]}

   [>] <undefined> {"rawtext":[{"text":"§f[§7Member§r§f] §7UserX0001: §f안티봇있던데"}]}

   [>] <undefined> {"rawtext":[{"text":"§f[§7Member§r§f] §7waternoob1005: §f저렇게 붕 떠있네"}]}

   [>] <undefined> §e%multiplayer.player.joined
   [>] <undefined> {"rawtext":[{"text":"§f[§7Member§r§f] §7waternoob1005: §f근데 이거 채팅 스타일 바꾸는거"}]}

   [>] <undefined> {"rawtext":[{"text":"§f[§7Member§r§f] §7waternoob1005: §f텔로우네"}]}

   [>] <undefined> {"rawtext":[{"text":"§f[§7Member§r§f] §7waternoob1005: §fㅋㅋㅋㅋㅋㅋㅋㅋㅋ"}]}

   [>] <undefined> {"rawtext":[{"text":"§f[§7Member§r§f] §7UserX0001: §fㅋㅋㅋㅋㅋㅋㅋㅋㅋㅋㅋㅋㅋㅋㅋㅋㅋㅋ"}]}

   [>] <undefined> §e%multiplayer.player.joined
   [>] <undefined> {"rawtext":[{"text":"§f[§7Member§r§f] §7waternoob1005: §f{\"rawtext\":[{\"text\":\"§f[§7Member§r§f] §7UserX0001: §fㅋㅋㅋㅋㅋㅋㅋㅋㅋㅋㅋㅋㅋㅋㅋㅋㅋㅋ\"}]}"}]}

   [>] <undefined> {"rawtext":[{"text":"§f[§7Member§r§f] §7waternoob1005: §f이렇게 뜸"}]}

   [>] <undefined> {"rawtext":[{"text":"§f[§7Member§r§f] §7MistyCurve70359: §ftoooooooooo eese zzzzzzzzzz"}]}

   [>] <undefined> §e%multiplayer.player.left
   [>] <undefined> {"rawtext":[{"text":"§f[§7Member§r§f] §7UserX0001: §fㅇㄴㅋㅋㅋㅋㅋㅋㅋㅋㅋㅋㅋㅋㅋ"}]}

   [>] <undefined> {"rawtext":[{"text":"§f[§7Member§r§f] §7waternoob1005: §f채팅로그 봇으로 따니까 저리 나오는데"}]}

   [>] <undefined> {"rawtext":[{"text":"§f[§7Member§r§f] §7UserX0001: §f근데"}]}

   [>] <undefined> {"rawtext":[{"text":"§f[§7Member§r§f] §7waternoob1005: §f도배 가능한가"}]}

   [>] <undefined> {"rawtext":[{"text":"§f[§7Member§r§f] §7waternoob1005: §fㅇ?"}]}

   [>] <undefined> {"rawtext":[{"text":"§f[§7Member§r§f] §7waternoob1005: §fㅇㄴㅀㅇㄶㅇㄶㄴㅇㅎㅇ"}]}

   [>] <undefined> {"rawtext":[{"text":"§f[§7Member§r§f] §7waternoob1005: §fㄴㅎ"}]}

   [>] <undefined> {"rawtext":[{"text":"§f[§7Member§r§f] §7waternoob1005: §fㄴㅇ"}]}

   [>] <undefined> {"rawtext":[{"text":"§f[§7Member§r§f] §7waternoob1005: §fㅇㄴㄹ"}]}

   [>] <undefined> {"rawtext":[{"text":"§f[§7Member§r§f] §7UserX0001: §f채팅칭호"}]}

   [>] <undefined> {"rawtext":[{"text":"§f[§7Member§r§f] §7UserX0001: §f없는것보단"}]}

   [>] <undefined> {"rawtext":[{"text":"§f[§7Member§r§f] §7UserX0001: §f낫긴해"}]}

   [>] <undefined> §e%multiplayer.player.joined
   [>] <undefined> {"rawtext":[{"text":"§f[§7Member§r§f] §7XD4Player: §f오초쳐노여촌여촌여ㅗㅊㅇ노쳔오쳥노"}]}

   [>] <undefined> {"rawtext":[{"text":"§f[§7Member§r§f] §7XD4Player: §f총ㄴㅎ초ㅗㅎㅇㄴㅎㅇㄴㅊㅎㅇㄴㅎㅊ"}]}

   [>] <undefined> {"rawtext":[{"text":"§f[§7Member§r§f] §7UserX0001: §f?"}]}

   [>] <undefined> {"rawtext":[{"text":"§f[§7Member§r§f] §7XD4Player: §f7ㅕㄴ오쳔오쳥도쳐ㅗㄷ요챠"}]}

   [>] <undefined> {"rawtext":[{"text":"§f[§7Member§r§f] §7UserX0001: §f한국인이"}]}

   [>] <undefined> {"rawtext":[{"text":"§f[§7Member§r§f] §7UserX0001: §f왜있음"}]}

   [>] <undefined> {"rawtext":[{"text":"§f[§7Member§r§f] §7XD4Player: §f쳐ㅗ쳐ㅕㄴ오쳔오쳐온쳐ㅗㄷ얓"}]}

   [>] <undefined> {"rawtext":[{"text":"§f[§7Member§r§f] §7XD4Player: §fㅠ$ㅊ언오ㅠ초ㅠㄴㅇㅊ"}]}

   [>] <undefined> {"rawtext":[{"text":"§f[§7Member§r§f] §7XD4Player: §f추엋ㅇ덫ㄷ엋"}]}

   [>] <undefined> {"rawtext":[{"text":"§f[§7Member§r§f] §7UserX0001: §f여기 외국섭아닌가?"}]}

   [>] <undefined> {"rawtext":[{"text":"§f[§7Member§r§f] §7Elijah3811: §fching"}]}

   [>] <undefined> {"rawtext":[{"text":"§f[§7Member§r§f] §7XD4Player: §fㄷㅇㅊㄷㅇㅊㄷㅇㅊㄷㄹㅊ"}]}

   [>] <undefined> {"rawtext":[{"text":"§f[§7Member§r§f] §7Elijah3811: §fchong"}]}

   [>] <undefined> {"rawtext":[{"text":"§f[§7Member§r§f] §7XD4Player: §fㅊㅊㄴㅇㅊㄷㅇ"}]}

   [>] <undefined> {"rawtext":[{"text":"§f[§7Member§r§f] §7XD4Player: §fㅊㅇㅊㄴㅇㅊ"}]}

   [>] <undefined> §e%multiplayer.player.joined
   [>] <undefined> {"rawtext":[{"text":"§f[§7Member§r§f] §7XD4Player: §fNig er"}]}

   [>] <undefined> §e%multiplayer.player.joined
   [>] <undefined> {"rawtext":[{"text":"§f[§7Member§r§f] §7UserX0001: §fnigga"}]}

   [>] <undefined> {"rawtext":[{"text":"§f[§7Member§r§f] §7XD4Player: §fNi"}]}

   [>] <undefined> {"rawtext":[{"text":"§f[§7Member§r§f] §7UserX0001: §fgga"}]}

   [>] <undefined> {"rawtext":[{"text":"§f[§7Member§r§f] §7XD4Player: §fgga"}]}

   [>] <undefined> {"rawtext":[{"text":"§f[§7Member§r§f] §7UserX0001: §fㅋㅋㅋㅋㅋㅋㅋㅋㅋㅋㅋㅋㅋ"}]}

   [>] <undefined> {"rawtext":[{"text":"§f[§9Supreme§r§f] §7IdealBull807917: §fXD"}]}

   [>] <undefined> §e%multiplayer.player.left
   [>] <undefined> {"rawtext":[{"text":"§f[§7Member§r§f] §7XD4Player: §fL"}]}

   [>] <undefined> {"rawtext":[{"text":"§f[§7Member§r§f] §7herobrine179068: §fI love this song, pixel pig"}]}

   [>] <undefined> {"rawtext":[{"text":"§f[§7Member§r§f] §7UserX0001: §f@waternoob1005"}]}

   [>] <undefined> {"rawtext":[{"text":"§f[§7Member§r§f] §7UserX0001: §f그래서"}]}

   [>] <undefined> {"rawtext":[{"text":"§f[§7Member§r§f] §7UserX0001: §f여기 왜옴"}]}

   [>] <undefined> {"rawtext":[{"text":"§f[§7Member§r§f] §7UserX0001: §f또 플루머 테스트하려고"}]}

   [>] <undefined> {"rawtext":[{"text":"§f[§7Member§r§f] §7UserX0001: §f온건데"}]}

   [>] <undefined> {"rawtext":[{"text":"§f[§7Member§r§f] §7XD4Player: §fNi.       §bGer"}]}

   [>] <undefined> {"rawtext":[{"text":"§f[§7Member§r§f] §7UserX0001: §f온건가"}]}

   [>] <undefined> {"rawtext":[{"text":"§f[§7Member§r§f] §7BlueBasalt: §fim trapped "}]}

   [>] <undefined> {"rawtext":[{"text":"§f[§7Member§r§f] §7waternoob1005: §f채팅안된다시발"}]}

   [>] <undefined> {"rawtext":[{"text":"§f[§7Member§r§f] §7BlueBasalt: §fsomeone tp me"}]}

   [>] <undefined> {"rawtext":[{"text":"§f[§7Member§r§f] §7Elijah3811: §fand i love this sone, I HATE HEROBRINE179068"}]}

   [>] <undefined> {"rawtext":[{"text":"§f[§7Member§r§f] §7XD4Player: §fNi Ger"}]}

   [>] <undefined> {"rawtext":[{"text":"§f[§7Member§r§f] §7KingActor600946: §fElijah go to the iron"}]}

   [>] <undefined> §e%multiplayer.player.joined
   [>] <undefined> {"rawtext":[{"text":"§f[§7Member§r§f] §7waternoob1005: §f야 시발 또안돼 개 머저리새끼들인가 십 구멍ㄴ애ㅓㅎㅈㅇ 시버ㅏㄹ련ㄹㄹㄷ옿ㄷㄱㅎㄱㄷㅎㅎㄷㅈㄱ"}]}

   [>] <undefined> {"rawtext":[{"text":"§f[§7Member§r§f] §7HoodedFlunky21: §fDONE BEN BORN MEN HAVE TO DO FIRST SO DONE DRUP MEH TESTY FOR DA RESPOND BIG TITTY IN MY ZONE "}]}

   [>] <undefined> {"rawtext":[{"text":"§f[§7Member§r§f] §7UserX0001: §f이제"}]}

   [>] <undefined> {"rawtext":[{"text":"§f[§7Member§r§f] §7waternoob1005: §f어"}]}

   [>] <undefined> {"rawtext":[{"text":"§f[§7Member§r§f] §7XD4Player: §fNi ger"}]}

   [>] <undefined> {"rawtext":[{"text":"§f[§7Member§r§f] §7herobrine179068: §fThat doesn't matter"}]}

   [>] <undefined> {"rawtext":[{"text":"§f[§7Member§r§f] §7UserX0001: §fgui 안티봇"}]}

   [>] <undefined> {"rawtext":[{"text":"§f[§7Member§r§f] §7waternoob1005: §f꼭 이렇게 욕하면 되고"}]}

   [>] <undefined> {"rawtext":[{"text":"§f[§7Member§r§f] §7BlueBasalt: §fnigg"}]}

   [>] <undefined> {"rawtext":[{"text":"§f[§7Member§r§f] §7HoodedFlunky21: §fDONE BEN BORN MEN HAVE TO DO FIRST SO DONE DRUP MEH TESTY FOR DA RESPOND BIG TITTY IN MY ZONE "}]}

   [>] <undefined> {"rawtext":[{"text":"§f[§7Member§r§f] §7UserX0001: §f꽤 많아질듯?"}]}

   [>] <undefined> {"rawtext":[{"text":"§f[§7Member§r§f] §7XD4Player: §fNi ger"}]}

   [>] <undefined> §e%multiplayer.player.left
   [>] <undefined> {"rawtext":[{"text":"§f[§7Member§r§f] §7UserX0001: §f그럼 결국"}]}

   [>] <undefined> {"rawtext":[{"text":"§f[§7Member§r§f] §7UserX0001: §f플루머도"}]}

   [>] <undefined> {"rawtext":[{"text":"§f[§7Member§r§f] §7XD4Player: §f Ni ger"}]}

   [>] <undefined> {"rawtext":[{"text":"§f[§7Member§r§f] §7UserX0001: §f그 안티봇을 뚫을수있게"}]}

   [>] <undefined> {"rawtext":[{"text":"§f[§7Member§r§f] §7UserX0001: §f버튼 누르는것까지"}]}

   [>] <undefined> {"rawtext":[{"text":"§f[§7Member§r§f] §7UserX0001: §f진화해야지"}]}

   [>] <undefined> {"rawtext":[{"text":"§f[§7Member§r§f] §7XD4Player: §f Ni ger"}]}

   [>] <undefined> {"rawtext":[{"text":"§f[§7Member§r§f] §7Elijah3811: §fi bet you love pixel pig BECAUSE YOU ARE A PIG!!!!!!"}]}

   [>] <undefined> {"rawtext":[{"text":"§f[§7Member§r§f] §7waternoob1005: §f지금"}]}

   [>] <undefined> {"rawtext":[{"text":"§f[§7Member§r§f] §7XD4Player: §fNi gga"}]}

   [>] <undefined> {"rawtext":[{"text":"§f[§7Member§r§f] §7waternoob1005: §f채팅로그 잘 따이잖음"}]}

   [>] <undefined> {"rawtext":[{"text":"§f[§7Member§r§f] §7XD4Player: §fNi ga"}]}

   [>] <undefined> §e%multiplayer.player.changeToSkin§r
   [>] <undefined> {"rawtext":[{"text":"§f[§7Member§r§f] §7XD4Player: §fNi gga"}]}

   [>] <undefined> {"rawtext":[{"text":"§f[§7Member§r§f] §7waternoob1005: §f사람들이 말 하는 것들"}]}

   [>] <undefined> {"rawtext":[{"text":"§f[§7Member§r§f] §7XD4Player: §f Ni gga"}]}

   [>] <undefined> {"rawtext":[{"text":"§f[§aRich:1§r§f] §7Brittp93: §fare u comeing back baby ide"}]}

   [>] <undefined> {"rawtext":[{"text":"§f[§7Member§r§f] §7waternoob1005: §f죄다 기록 되고있는데"}]}

   [>] <undefined> {"rawtext":[{"text":"§f[§7Member§r§f] §7HoodedFlunky21: §fDONE BEN BORN MEN HAVE TO DO FIRST SO DONE DRUP MEH TESTY FOR DA RESPOND BIG TITTY IN MY ZONE "}]}

   [>] <undefined> {"rawtext":[{"text":"§f[§9Supreme§r§f] §7IdealBull807917: §fI was afk"}]}

   [>] <undefined> {"rawtext":[{"text":"§f[§7Member§r§f] §7XD4Player: §fUr weaner is the size of a tiktak"}]}

   [>] <undefined> §e%multiplayer.player.changeToSkin§r
   [>] <undefined> {"rawtext":[{"text":"§f[§9Supreme§r§f] §7IdealBull807917: §fSrry"}]}

   [>] <undefined> {"rawtext":[{"text":"§f[§eRichest§r§f] §7Cookiedayo9947: §fsto"}]}

   [>] <undefined> {"rawtext":[{"text":"§f[§7Member§r§f] §7KingActor600946: §fElijah where are u"}]}

   [>] <undefined> §e%multiplayer.player.joined
   [>] <undefined> {"rawtext":[{"text":"§f[§7Member§r§f] §7HoodedFlunky21: §fDONE BEN BORN MEN HAVE TO DO FIRST SO DONE DRUP MEH TESTY FOR DA RESPOND BIG TITTY IN MY ZONE "}]}

   [>] <undefined> {"rawtext":[{"text":"§f[§7Member§r§f] §7Astro09201004: §fcan you help me please?"}]}

   [>] <undefined> {"rawtext":[{"text":"§f[§7Member§r§f] §7UserX0001: §f챗랭크도 그렇고"}]}

   [>] <undefined> {"rawtext":[{"text":"§f[§7Member§r§f] §7UserX0001: §f상점도 그렇고"}]}

   [>] <undefined> {"rawtext":[{"text":"§f[§7Member§r§f] §7XD4Player: §fUr weaner is the size of a tic tac"}]}

   [>] <undefined> {"rawtext":[{"text":"§f[§eRichest§r§f] §7Cookiedayo9947: §ffuck"}]}

   [>] <undefined> §e%multiplayer.player.joined
   [>] <undefined> {"rawtext":[{"text":"§f[§7Member§r§f] §7UserX0001: §f다 mcpedl에서"}]}

   [>] <undefined> {"rawtext":[{"text":"§f[§7Member§r§f] §7Elijah3811: §fEWW YOU LOOK LIKE A PROBISCUS MONKEY NOW"}]}

   [>] <undefined> death.attack.lava
   [>] <undefined> {"rawtext":[{"text":"§f[§7Member§r§f] §7UserX0001: §f따온거네"}]}

   [>] <undefined> §e%multiplayer.player.left
   [>] <undefined> {"rawtext":[{"text":"§f[§7Member§r§f] §7waternoob1005: §fhey everyone?"}]}

   [>] <undefined> {"rawtext":[{"text":"§f[§7Member§r§f] §7waternoob1005: §ffightforkim is bot"}]}

   [>] <undefined> {"rawtext":[{"text":"§f[§7Member§r§f] §7XD4Player: §fThe owner's weaner is the size of a tik tak"}]}

   [>] <undefined> {"rawtext":[{"text":"§f[§7Member§r§f] §7waternoob1005: §fantibot are bypassed"}]}

   [>] <undefined> §e%multiplayer.player.left
   [>] <undefined> §e%multiplayer.player.left
   [>] <undefined> {"rawtext":[{"text":"§f[§7Member§r§f] §7HoodedFlunky21: §fDONE BEN BORN MEN HAVE TO DO FIRST SO DONE DRUP MEH TESTY FOR DA RESPOND BIG TITTY IN MY ZONE "}]}

   [>] <undefined> {"rawtext":[{"text":"§f[§7Member§r§f] §7Elijah3811: §fPROBISCUS MONKEY OVER HERE"}]}

   [>] <undefined> {"rawtext":[{"text":"§f[§7Member§r§f] §7UserX0001: §f?"}]}

   [>] <undefined> {"rawtext":[{"text":"§f[§7Member§r§f] §7nchandla: §fIMPOSSIBLE"}]}

   [>] <undefined> {"rawtext":[{"text":"§f[§7Member§r§f] §7HoodedFlunky21: §fDONE BEN BORN MEN HAVE TO DO FIRST SO DONE DRooP MEH TESTY FOR DA RESPOND BIG TITTY IN MY ZONE "}]}

   [>] <undefined> {"rawtext":[{"text":"§f[§7Member§r§f] §7waternoob1005: §f{\"rawtext\":[{\"text\":\"§f[§7Member§r§f] §7Elijah3811: §fPROBISCUS MONKEY OVER HERE\"}]}"}]}

   [>] <undefined> {"rawtext":[{"text":"§f[§7Member§r§f] §7HoodedFlunky21: §fDONE BEN BORN MEN HAVE TO DO FIRST SO DONE DRooP MEH TESTY FOR DA RESPOND BIG TITTY IN MY ZONE "}]}

   [>] <undefined> {"rawtext":[{"text":"§f[§7Member§r§f] §7UserX0001: §f@waternoob1005"}]}

   [>] <undefined> {"rawtext":[{"text":"§f[§7Member§r§f] §7UserX0001: §f@waternoob1005"}]}

   [>] <undefined> {"rawtext":[{"text":"§f[§7Member§r§f] §7UserX0001: §f@waternoob1005"}]}

   [>] <undefined> {"rawtext":[{"text":"§f[§7Member§r§f] §7Elijah3811: §fSHE ESCAPED FROM THE ZOO"}]}

   [>] <undefined> {"rawtext":[{"text":"§f[§7Member§r§f] §7UserX0001: §fㅋㅋㅋㅋㅋㅋㅋㅋㅋㅋㅋㅋㅋㅋㅋㅋㅋㅋㅋㅋㅋㅋㅋㅋ"}]}

   [>] <undefined> §e%multiplayer.player.changeToPersona§r
   [>] <undefined> {"rawtext":[{"text":"§f[§7Member§r§f] §7UserX0001: §f이서버"}]}

   [>] <undefined> {"rawtext":[{"text":"§f[§7Member§r§f] §7UserX0001: §f핵"}]}

   [>] <undefined> {"rawtext":[{"text":"§f[§7Member§r§f] §7UserX0001: §f다뚫림"}]}

   [>] <undefined> {"rawtext":[{"text":"§f[§aRich:1§r§f] §7Bichopeludo2: §fGJDEJSDE"}]}

   [>] <undefined> {"rawtext":[{"text":"§f[§7Member§r§f] §7waternoob1005: §f{\"rawtext\":[{\"text\":\"§f[§7Member§r§f] §7Elijah3811: §fSHE ESCAPED FROM THE ZOO\"}]}"}]}

   [>] <undefined> {"rawtext":[{"text":"§f[§7Member§r§f] §7waternoob1005: §fㄹㅇ???"}]}

   [>] <undefined> {"rawtext":[{"text":"§f[§7Member§r§f] §7UserX0001: §f따라와보셈"}]}

   [>] <undefined> {"rawtext":[{"text":"§f[§7Member§r§f] §7XD4Player: §ffightforkhim's dad is at the milk store and he is locked up in a f*king chamber"}]}

   [>] <undefined> {"rawtext":[{"text":"§f[§7Member§r§f] §7waternoob1005: §fㅋㅋㅋㅋㅋㅋㅋㅋㅋㅋㅋㅋㅋㅋㅋ"}]}

   [>] <undefined> {"rawtext":[{"text":"§f[§7Member§r§f] §7UserX0001: §f따라와보셈"}]}

   [>] <undefined> §e%multiplayer.player.changeToPersona§r
   [>] <undefined> death.fell.accident.generic
   [>] <undefined> {"rawtext":[{"text":"§f[§7Member§r§f] §7waternoob1005: §fㅅㅂ"}]}

   [>] <undefined> {"rawtext":[{"text":"§f[§7Member§r§f] §7waternoob1005: §fㅋㅋㅋㅋㅋㅋㅋㅋㅋㅋㅋㅋㅋㅋㅋㅋㅋㅋㅋㅋㅋㅋ"}]}

   [>] <undefined> {"rawtext":[{"text":"§f[§7Member§r§f] §7nchandla: §fIMPOSSIBLE"}]}

   [>] <undefined> {"rawtext":[{"text":"§f[§7Member§r§f] §7waternoob1005: §f이야"}]}

   [>] <undefined> {"rawtext":[{"text":"§f[§7Member§r§f] §7HoodedFlunky21: §fDONE BEN BORN MEN HAVE TO DO FIRST SO DONE DRooP MEH TESTY FOR DA RESPOND BIG TITTY IN MY ZONE "}]}

   [>] <undefined> {"rawtext":[{"text":"§f[§7Member§r§f] §7HoodedFlunky21: §fDONE BEN BORN MEN HAVE TO DO FIRST SO DONE DRooP MEH TESTY FOR DA RESPOND BIG TITTY IN MY ZONE "}]}

   [>] <undefined> {"rawtext":[{"text":"§f[§7Member§r§f] §7waternoob1005: §f봇도 되고 핵도 되고"}]}

   [>] <undefined> {"rawtext":[{"text":"§f[§7Member§r§f] §7waternoob1005: §f이럳 강종도 되는거 아닌가"}]}

   [>] <undefined> {"rawtext":[{"text":"§f[§7Member§r§f] §7waternoob1005: §f강종 해볼까"}]}

   [>] <undefined> {"rawtext":[{"text":"§f[§7Member§r§f] §7HoodedFlunky21: §fDONE BEN BORN MEN HAVE TO DO FIRST SO DONE DRooP MEH TESTY FOR DA RESPOND BIG TITTY IN MY ZONE "}]}

   [>] <undefined> §e%multiplayer.player.left
   [>] <undefined> {"rawtext":[{"text":"§f[§7Member§r§f] §7XD4Player: §fHe fightforkhim's dad is at the milkstore and he is currently locked up in a chamber"}]}
